<?xml version="1.0" encoding="UTF-8"?>
<testng-results skipped="0" failed="1" total="1" passed="0">
  <reporter-output>
  </reporter-output>
  <suite name="Suite" duration-ms="50668" started-at="2014-05-30T04:41:47Z" finished-at="2014-05-30T04:42:38Z">
    <groups>
    </groups>
    <test name="order in HtmlUnitDriver" duration-ms="50668" started-at="2014-05-30T04:41:47Z" finished-at="2014-05-30T04:42:38Z">
      <class name="test.testng.patnerproc.order.OrderTestCase">
        <test-method status="PASS" signature="launchBrowser(java.lang.String, java.lang.String, java.lang.String, java.lang.String)[pri:0, instance:test.testng.patnerproc.order.OrderTestCase@f42d53]" name="launchBrowser" is-config="true" duration-ms="7" started-at="2014-05-30T13:41:47Z" finished-at="2014-05-30T13:41:47Z">
          <params>
            <param index="0">
              <value>
                <![CDATA[HtmlUnitDriver]]>
              </value>
            </param>
            <param index="1">
              <value>
                <![CDATA[http://www.guesskorea.com]]>
              </value>
            </param>
            <param index="2">
              <value>
                <![CDATA[http://order.guesskorea.com]]>
              </value>
            </param>
            <param index="3">
              <value>
                <![CDATA[Y]]>
              </value>
            </param>
          </params>
          <reporter-output>
          </reporter-output>
        </test-method> <!-- launchBrowser -->
        <test-method status="FAIL" signature="orderTest()[pri:0, instance:test.testng.patnerproc.order.OrderTestCase@f42d53]" name="orderTest" duration-ms="50630" started-at="2014-05-30T13:41:47Z" finished-at="2014-05-30T13:42:38Z">
          <exception class="org.openqa.selenium.TimeoutException">
            <message>
              <![CDATA[Timed out after 10 seconds waiting for presence of element located by: By.selector: #chagename
Build info: version: '2.42.0', revision: '5e82430', time: '2014-05-22 20:18:33'
System info: host: 'CP36204-n', ip: '150.50.83.58', os.name: 'Windows 7', os.arch: 'x86', os.version: '6.1', java.version: '1.7.0_55'
Driver info: driver.version: unknown]]>
            </message>
            <full-stacktrace>
              <![CDATA[org.openqa.selenium.TimeoutException: Timed out after 10 seconds waiting for presence of element located by: By.selector: #chagename
Build info: version: '2.42.0', revision: '5e82430', time: '2014-05-22 20:18:33'
System info: host: 'CP36204-n', ip: '150.50.83.58', os.name: 'Windows 7', os.arch: 'x86', os.version: '6.1', java.version: '1.7.0_55'
Driver info: driver.version: unknown
	at org.openqa.selenium.support.ui.FluentWait.timeoutException(FluentWait.java:259)
	at org.openqa.selenium.support.ui.FluentWait.until(FluentWait.java:228)
	at scenario.process.order.OrderSheet.goodsOrderSheetCheckPoint(OrderSheet.java:81)
	at scenario.process.order.OrderSheet.goodsOrderSheet(OrderSheet.java:43)
	at test.testng.patnerproc.order.OrderTestCase.orderTest(OrderTestCase.java:51)
	at sun.reflect.NativeMethodAccessorImpl.invoke0(Native Method)
	at sun.reflect.NativeMethodAccessorImpl.invoke(Unknown Source)
	at sun.reflect.DelegatingMethodAccessorImpl.invoke(Unknown Source)
	at java.lang.reflect.Method.invoke(Unknown Source)
	at org.testng.internal.MethodInvocationHelper.invokeMethod(MethodInvocationHelper.java:84)
	at org.testng.internal.Invoker.invokeMethod(Invoker.java:714)
	at org.testng.internal.Invoker.invokeTestMethod(Invoker.java:901)
	at org.testng.internal.Invoker.invokeTestMethods(Invoker.java:1231)
	at org.testng.internal.TestMethodWorker.invokeTestMethods(TestMethodWorker.java:127)
	at org.testng.internal.TestMethodWorker.run(TestMethodWorker.java:111)
	at java.util.concurrent.ThreadPoolExecutor.runWorker(Unknown Source)
	at java.util.concurrent.ThreadPoolExecutor$Worker.run(Unknown Source)
	at java.lang.Thread.run(Unknown Source)
Caused by: org.openqa.selenium.NoSuchElementException: Returned node was not an HTML element
For documentation on this error, please visit: http://seleniumhq.org/exceptions/no_such_element.html
Build info: version: '2.42.0', revision: '5e82430', time: '2014-05-22 20:18:33'
System info: host: 'CP36204-n', ip: '150.50.83.58', os.name: 'Windows 7', os.arch: 'x86', os.version: '6.1', java.version: '1.7.0_55'
Driver info: driver.version: HtmlUnitDriver
	at org.openqa.selenium.htmlunit.HtmlUnitDriver.findElementByCssSelector(HtmlUnitDriver.java:952)
	at org.openqa.selenium.By$ByCssSelector.findElement(By.java:426)
	at org.openqa.selenium.htmlunit.HtmlUnitDriver$5.call(HtmlUnitDriver.java:1565)
	at org.openqa.selenium.htmlunit.HtmlUnitDriver$5.call(HtmlUnitDriver.java:1)
	at org.openqa.selenium.htmlunit.HtmlUnitDriver.implicitlyWaitFor(HtmlUnitDriver.java:1241)
	at org.openqa.selenium.htmlunit.HtmlUnitDriver.findElement(HtmlUnitDriver.java:1562)
	at org.openqa.selenium.htmlunit.HtmlUnitDriver.findElement(HtmlUnitDriver.java:530)
	at org.openqa.selenium.support.ui.ExpectedConditions.findElement(ExpectedConditions.java:730)
	at org.openqa.selenium.support.ui.ExpectedConditions.access$0(ExpectedConditions.java:728)
	at org.openqa.selenium.support.ui.ExpectedConditions$3.apply(ExpectedConditions.java:106)
	at org.openqa.selenium.support.ui.ExpectedConditions$3.apply(ExpectedConditions.java:1)
	at org.openqa.selenium.support.ui.FluentWait.until(FluentWait.java:208)
	... 16 more
]]>
            </full-stacktrace>
          </exception> <!-- org.openqa.selenium.TimeoutException -->
          <reporter-output>
          </reporter-output>
        </test-method> <!-- orderTest -->
      </class> <!-- test.testng.patnerproc.order.OrderTestCase -->
    </test> <!-- order in HtmlUnitDriver -->
  </suite> <!-- Suite -->
</testng-results>
